Build started 3/30/2012 01:28:16 AM.
     1>Project "L:\documents\programming\repositories\time-api\time-dll\time-dll\time-dll.vcxproj" on node 2 (build target(s)).
     1>InitializeBuildStatus:
         Creating "Release\time-dll.unsuccessfulbuild" because "AlwaysCreate" was specified.
       GenerateTargetFrameworkMonikerAttribute:
       Skipping target "GenerateTargetFrameworkMonikerAttribute" because all output files are up-to-date with respect to the input files.
       ClCompile:
         All outputs are up-to-date.
         All outputs are up-to-date.
         All outputs are up-to-date.
       ResourceCompile:
         All outputs are up-to-date.
       Link:
         All outputs are up-to-date.
         time-dll.vcxproj -> L:\documents\programming\repositories\time-api\time-dll\Release\time-dll.dll
       MetaGen:
       Skipping target "MetaGen" because all output files are up-to-date with respect to the input files.
       FinalizeBuildStatus:
         Deleting file "Release\time-dll.unsuccessfulbuild".
         Touching "Release\time-dll.lastbuildstate".
     1>Done Building Project "L:\documents\programming\repositories\time-api\time-dll\time-dll\time-dll.vcxproj" (build target(s)).

Build succeeded.

Time Elapsed 00:00:00.07
