Build started 3/29/2012 09:00:20 PM.
     1>Project "L:\documents\programming\school\Console Programming\dll\time-dll\time-example\time-example.vcxproj" on node 3 (build target(s)).
     1>InitializeBuildStatus:
         Creating "Debug\time-example.unsuccessfulbuild" because "AlwaysCreate" was specified.
       GenerateTargetFrameworkMonikerAttribute:
       Skipping target "GenerateTargetFrameworkMonikerAttribute" because all output files are up-to-date with respect to the input files.
       ClCompile:
         c:\Program Files (x86)\Microsoft Visual Studio 10.0\VC\bin\CL.exe /c /I"D:\Documents\Documents\School\Spring 2012\Console Programming\threaded_loading\time-dll\time-dll" /AI"C:\Program Files (x86)\Reference Assemblies\Microsoft\Framework\.NETFramework\v4.0" /Zi /clr /nologo /W3 /WX- /Od /Oy- /D WIN32 /D _DEBUG /D _CONSOLE /D _UNICODE /D UNICODE /EHa /MDd /GS /fp:precise /Zc:wchar_t /Zc:forScope /Fo"Debug\\" /Fd"Debug\vc100.pdb" /TP /FU"C:\Program Files (x86)\Reference Assemblies\Microsoft\Framework\.NETFramework\v4.0\System.Core.dll" /FU"L:\documents\programming\school\Console Programming\dll\time-dll\Debug\time-dll.dll" /analyze- /errorReport:prompt "time-example.cpp" /clr:nostdlib 
         time-example.cpp
     1>time-example.cpp(19): warning C4244: '=' : conversion from 'double' to 'LONG', possible loss of data
     1>time-example.cpp(20): warning C4244: '=' : conversion from 'double' to 'LONG', possible loss of data
     1>time-example.cpp(71): warning C4996: 'scanf': This function or variable may be unsafe. Consider using scanf_s instead. To disable deprecation, use _CRT_SECURE_NO_WARNINGS. See online help for details.
                 c:\Program Files (x86)\Microsoft Visual Studio 10.0\VC\include\stdio.h(304) : see declaration of 'scanf'
     1>time-example.cpp(100): warning C4244: 'argument' : conversion from 'double' to 'int', possible loss of data
     1>time-example.cpp(100): warning C4244: 'argument' : conversion from 'double' to 'int', possible loss of data
         All outputs are up-to-date.
       Link:
         c:\Program Files (x86)\Microsoft Visual Studio 10.0\VC\bin\link.exe /ERRORREPORT:PROMPT /OUT:"L:\documents\programming\school\Console Programming\dll\time-dll\Debug\time-example.exe" /INCREMENTAL /NOLOGO kernel32.lib user32.lib gdi32.lib winspool.lib comdlg32.lib advapi32.lib shell32.lib ole32.lib oleaut32.lib uuid.lib odbc32.lib odbccp32.lib /MANIFEST /ManifestFile:"Debug\time-example.exe.intermediate.manifest" /MANIFESTUAC:"level='asInvoker' uiAccess='false'" /DEBUG /PDB:"L:\documents\programming\school\Console Programming\dll\time-dll\Debug\time-example.pdb" /ASSEMBLYDEBUG /SUBSYSTEM:CONSOLE /TLBID:1 /DYNAMICBASE /FIXED:NO /NXCOMPAT /MACHINE:X86 Debug\stdafx.obj
         "Debug\time-example.obj"
         "Debug\.NETFramework,Version=v4.0.AssemblyAttributes.obj"
         time-example.vcxproj -> L:\documents\programming\school\Console Programming\dll\time-dll\Debug\time-example.exe
       Manifest:
         C:\Program Files (x86)\Microsoft SDKs\Windows\v7.0A\bin\mt.exe /nologo /verbose /outputresource:"L:\documents\programming\school\Console Programming\dll\time-dll\Debug\time-example.exe;#1" /manifest "Debug\time-example.exe.intermediate.manifest"
       FinalizeBuildStatus:
         Deleting file "Debug\time-example.unsuccessfulbuild".
         Touching "Debug\time-example.lastbuildstate".
     1>Done Building Project "L:\documents\programming\school\Console Programming\dll\time-dll\time-example\time-example.vcxproj" (build target(s)).

Build succeeded.

Time Elapsed 00:00:01.42
